Performing C SOURCE FILE Test CMAKE_HAVE_LIBC_PTHREAD failed with the following output:
Change Dir: /home/sanchit/catkin_ws/src/robotic_arm_description/robotic_arm_description/build/CMakeFiles/CMakeTmp

Run Build Command(s):/usr/bin/make cmTC_2ad2b/fast && /usr/bin/make -f CMakeFiles/cmTC_2ad2b.dir/build.make CMakeFiles/cmTC_2ad2b.dir/build
make[1]: Entering directory '/home/sanchit/catkin_ws/src/robotic_arm_description/robotic_arm_description/build/CMakeFiles/CMakeTmp'
Building C object CMakeFiles/cmTC_2ad2b.dir/src.c.o
/usr/lib/ccache/cc   -DCMAKE_HAVE_LIBC_PTHREAD   -o CMakeFiles/cmTC_2ad2b.dir/src.c.o   -c /home/sanchit/catkin_ws/src/robotic_arm_description/robotic_arm_description/build/CMakeFiles/CMakeTmp/src.c
Linking C executable cmTC_2ad2b
/usr/bin/cmake -E cmake_link_script CMakeFiles/cmTC_2ad2b.dir/link.txt --verbose=1
/usr/lib/ccache/cc  -DCMAKE_HAVE_LIBC_PTHREAD    -rdynamic CMakeFiles/cmTC_2ad2b.dir/src.c.o  -o cmTC_2ad2b 
/usr/bin/ld: CMakeFiles/cmTC_2ad2b.dir/src.c.o: in function `main':
src.c:(.text+0x46): undefined reference to `pthread_create'
/usr/bin/ld: src.c:(.text+0x52): undefined reference to `pthread_detach'
/usr/bin/ld: src.c:(.text+0x63): undefined reference to `pthread_join'
collect2: error: ld returned 1 exit status
make[1]: *** [CMakeFiles/cmTC_2ad2b.dir/build.make:87: cmTC_2ad2b] Error 1
make[1]: Leaving directory '/home/sanchit/catkin_ws/src/robotic_arm_description/robotic_arm_description/build/CMakeFiles/CMakeTmp'
make: *** [Makefile:121: cmTC_2ad2b/fast] Error 2


Source file was:
#include <pthread.h>

void* test_func(void* data)
{
  return data;
}

int main(void)
{
  pthread_t thread;
  pthread_create(&thread, NULL, test_func, NULL);
  pthread_detach(thread);
  pthread_join(thread, NULL);
  pthread_atfork(NULL, NULL, NULL);
  pthread_exit(NULL);

  return 0;
}

Determining if the function pthread_create exists in the pthreads failed with the following output:
Change Dir: /home/sanchit/catkin_ws/src/robotic_arm_description/robotic_arm_description/build/CMakeFiles/CMakeTmp

Run Build Command(s):/usr/bin/make cmTC_f49c5/fast && /usr/bin/make -f CMakeFiles/cmTC_f49c5.dir/build.make CMakeFiles/cmTC_f49c5.dir/build
make[1]: Entering directory '/home/sanchit/catkin_ws/src/robotic_arm_description/robotic_arm_description/build/CMakeFiles/CMakeTmp'
Building C object CMakeFiles/cmTC_f49c5.dir/CheckFunctionExists.c.o
/usr/lib/ccache/cc   -DCHECK_FUNCTION_EXISTS=pthread_create   -o CMakeFiles/cmTC_f49c5.dir/CheckFunctionExists.c.o   -c /usr/share/cmake-3.16/Modules/CheckFunctionExists.c
Linking C executable cmTC_f49c5
/usr/bin/cmake -E cmake_link_script CMakeFiles/cmTC_f49c5.dir/link.txt --verbose=1
/usr/lib/ccache/cc  -DCHECK_FUNCTION_EXISTS=pthread_create    -rdynamic CMakeFiles/cmTC_f49c5.dir/CheckFunctionExists.c.o  -o cmTC_f49c5  -lpthreads 
/usr/bin/ld: cannot find -lpthreads
collect2: error: ld returned 1 exit status
make[1]: *** [CMakeFiles/cmTC_f49c5.dir/build.make:87: cmTC_f49c5] Error 1
make[1]: Leaving directory '/home/sanchit/catkin_ws/src/robotic_arm_description/robotic_arm_description/build/CMakeFiles/CMakeTmp'
make: *** [Makefile:121: cmTC_f49c5/fast] Error 2



Performing C SOURCE FILE Test CMAKE_HAVE_LIBC_PTHREAD failed with the following output:
Change Dir: /home/sanchit/catkin_ws/src/robotic_arm_description/robotic_arm_description/build/CMakeFiles/CMakeTmp

Run Build Command(s):/usr/bin/make cmTC_fe575/fast && /usr/bin/make -f CMakeFiles/cmTC_fe575.dir/build.make CMakeFiles/cmTC_fe575.dir/build
make[1]: Entering directory '/home/sanchit/catkin_ws/src/robotic_arm_description/robotic_arm_description/build/CMakeFiles/CMakeTmp'
Building C object CMakeFiles/cmTC_fe575.dir/src.c.o
/usr/lib/ccache/cc   -DCMAKE_HAVE_LIBC_PTHREAD   -o CMakeFiles/cmTC_fe575.dir/src.c.o   -c /home/sanchit/catkin_ws/src/robotic_arm_description/robotic_arm_description/build/CMakeFiles/CMakeTmp/src.c
Linking C executable cmTC_fe575
/usr/bin/cmake -E cmake_link_script CMakeFiles/cmTC_fe575.dir/link.txt --verbose=1
/usr/lib/ccache/cc  -DCMAKE_HAVE_LIBC_PTHREAD    -rdynamic CMakeFiles/cmTC_fe575.dir/src.c.o  -o cmTC_fe575 
/usr/bin/ld: CMakeFiles/cmTC_fe575.dir/src.c.o: in function `main':
src.c:(.text+0x46): undefined reference to `pthread_create'
/usr/bin/ld: src.c:(.text+0x52): undefined reference to `pthread_detach'
/usr/bin/ld: src.c:(.text+0x63): undefined reference to `pthread_join'
collect2: error: ld returned 1 exit status
make[1]: *** [CMakeFiles/cmTC_fe575.dir/build.make:87: cmTC_fe575] Error 1
make[1]: Leaving directory '/home/sanchit/catkin_ws/src/robotic_arm_description/robotic_arm_description/build/CMakeFiles/CMakeTmp'
make: *** [Makefile:121: cmTC_fe575/fast] Error 2


Source file was:
#include <pthread.h>

void* test_func(void* data)
{
  return data;
}

int main(void)
{
  pthread_t thread;
  pthread_create(&thread, NULL, test_func, NULL);
  pthread_detach(thread);
  pthread_join(thread, NULL);
  pthread_atfork(NULL, NULL, NULL);
  pthread_exit(NULL);

  return 0;
}

Determining if the function pthread_create exists in the pthreads failed with the following output:
Change Dir: /home/sanchit/catkin_ws/src/robotic_arm_description/robotic_arm_description/build/CMakeFiles/CMakeTmp

Run Build Command(s):/usr/bin/make cmTC_bc2e6/fast && /usr/bin/make -f CMakeFiles/cmTC_bc2e6.dir/build.make CMakeFiles/cmTC_bc2e6.dir/build
make[1]: Entering directory '/home/sanchit/catkin_ws/src/robotic_arm_description/robotic_arm_description/build/CMakeFiles/CMakeTmp'
Building C object CMakeFiles/cmTC_bc2e6.dir/CheckFunctionExists.c.o
/usr/lib/ccache/cc   -DCHECK_FUNCTION_EXISTS=pthread_create   -o CMakeFiles/cmTC_bc2e6.dir/CheckFunctionExists.c.o   -c /usr/share/cmake-3.16/Modules/CheckFunctionExists.c
Linking C executable cmTC_bc2e6
/usr/bin/cmake -E cmake_link_script CMakeFiles/cmTC_bc2e6.dir/link.txt --verbose=1
/usr/lib/ccache/cc  -DCHECK_FUNCTION_EXISTS=pthread_create    -rdynamic CMakeFiles/cmTC_bc2e6.dir/CheckFunctionExists.c.o  -o cmTC_bc2e6  -lpthreads 
/usr/bin/ld: cannot find -lpthreads
collect2: error: ld returned 1 exit status
make[1]: *** [CMakeFiles/cmTC_bc2e6.dir/build.make:87: cmTC_bc2e6] Error 1
make[1]: Leaving directory '/home/sanchit/catkin_ws/src/robotic_arm_description/robotic_arm_description/build/CMakeFiles/CMakeTmp'
make: *** [Makefile:121: cmTC_bc2e6/fast] Error 2



Performing C SOURCE FILE Test CMAKE_HAVE_LIBC_PTHREAD failed with the following output:
Change Dir: /home/sanchit/catkin_ws/src/robotic_arm_description/robotic_arm_description/build/CMakeFiles/CMakeTmp

Run Build Command(s):/usr/bin/make cmTC_da584/fast && /usr/bin/make -f CMakeFiles/cmTC_da584.dir/build.make CMakeFiles/cmTC_da584.dir/build
make[1]: Entering directory '/home/sanchit/catkin_ws/src/robotic_arm_description/robotic_arm_description/build/CMakeFiles/CMakeTmp'
Building C object CMakeFiles/cmTC_da584.dir/src.c.o
/usr/lib/ccache/cc   -DCMAKE_HAVE_LIBC_PTHREAD   -o CMakeFiles/cmTC_da584.dir/src.c.o   -c /home/sanchit/catkin_ws/src/robotic_arm_description/robotic_arm_description/build/CMakeFiles/CMakeTmp/src.c
Linking C executable cmTC_da584
/usr/bin/cmake -E cmake_link_script CMakeFiles/cmTC_da584.dir/link.txt --verbose=1
/usr/lib/ccache/cc  -DCMAKE_HAVE_LIBC_PTHREAD    -rdynamic CMakeFiles/cmTC_da584.dir/src.c.o  -o cmTC_da584 
/usr/bin/ld: CMakeFiles/cmTC_da584.dir/src.c.o: in function `main':
src.c:(.text+0x46): undefined reference to `pthread_create'
/usr/bin/ld: src.c:(.text+0x52): undefined reference to `pthread_detach'
/usr/bin/ld: src.c:(.text+0x63): undefined reference to `pthread_join'
collect2: error: ld returned 1 exit status
make[1]: *** [CMakeFiles/cmTC_da584.dir/build.make:87: cmTC_da584] Error 1
make[1]: Leaving directory '/home/sanchit/catkin_ws/src/robotic_arm_description/robotic_arm_description/build/CMakeFiles/CMakeTmp'
make: *** [Makefile:121: cmTC_da584/fast] Error 2


Source file was:
#include <pthread.h>

void* test_func(void* data)
{
  return data;
}

int main(void)
{
  pthread_t thread;
  pthread_create(&thread, NULL, test_func, NULL);
  pthread_detach(thread);
  pthread_join(thread, NULL);
  pthread_atfork(NULL, NULL, NULL);
  pthread_exit(NULL);

  return 0;
}

Determining if the function pthread_create exists in the pthreads failed with the following output:
Change Dir: /home/sanchit/catkin_ws/src/robotic_arm_description/robotic_arm_description/build/CMakeFiles/CMakeTmp

Run Build Command(s):/usr/bin/make cmTC_c7ece/fast && /usr/bin/make -f CMakeFiles/cmTC_c7ece.dir/build.make CMakeFiles/cmTC_c7ece.dir/build
make[1]: Entering directory '/home/sanchit/catkin_ws/src/robotic_arm_description/robotic_arm_description/build/CMakeFiles/CMakeTmp'
Building C object CMakeFiles/cmTC_c7ece.dir/CheckFunctionExists.c.o
/usr/lib/ccache/cc   -DCHECK_FUNCTION_EXISTS=pthread_create   -o CMakeFiles/cmTC_c7ece.dir/CheckFunctionExists.c.o   -c /usr/share/cmake-3.16/Modules/CheckFunctionExists.c
Linking C executable cmTC_c7ece
/usr/bin/cmake -E cmake_link_script CMakeFiles/cmTC_c7ece.dir/link.txt --verbose=1
/usr/lib/ccache/cc  -DCHECK_FUNCTION_EXISTS=pthread_create    -rdynamic CMakeFiles/cmTC_c7ece.dir/CheckFunctionExists.c.o  -o cmTC_c7ece  -lpthreads 
/usr/bin/ld: cannot find -lpthreads
collect2: error: ld returned 1 exit status
make[1]: *** [CMakeFiles/cmTC_c7ece.dir/build.make:87: cmTC_c7ece] Error 1
make[1]: Leaving directory '/home/sanchit/catkin_ws/src/robotic_arm_description/robotic_arm_description/build/CMakeFiles/CMakeTmp'
make: *** [Makefile:121: cmTC_c7ece/fast] Error 2



